<?xml version="1.0" encoding="UTF-8"?>
<!-- Generated by org.testng.reporters.JUnitReportReporter -->
<testsuite name="pk_Advance_Topics.SSL_Certificate_Example_All_Browser" tests="1" time="1.562" ignored="0" failures="0" timestamp="17 Dec 2020 07:07:18 GMT" skipped="0" hostname="HIBACL131408" errors="0">
  <testcase name="openApplication" time="1.562" classname="pk_Advance_Topics.SSL_Certificate_Example_All_Browser"/>
</testsuite> <!-- pk_Advance_Topics.SSL_Certificate_Example_All_Browser -->
