<?xml version="1.0" encoding="UTF-8"?>
<!-- Generated by org.testng.reporters.JUnitReportReporter -->
<testsuite name="pk_Orange_HRM.Capture_Video" tests="1" time="15.757"
	ignored="0" failures="0" timestamp="21 Nov 2020 10:18:05 GMT" skipped="0"
	hostname="HIBACL131408" errors="0">
	<testcase name="getScrollStatus" time="15.757"
		classname="pk_Orange_HRM.Capture_Video" />
</testsuite> <!-- pk_Orange_HRM.Capture_Video -->
