<?xml version="1.0" encoding="UTF-8"?>
<!-- Generated by org.testng.reporters.JUnitReportReporter -->
<testsuite name="pk_Orange_HRM.Drag_and_Drop" tests="1" time="22.624"
	ignored="0" failures="0" timestamp="27 Nov 2020 11:00:14 GMT" skipped="0"
	hostname="HIBACL131408" errors="0">
	<testcase name="DragDrop" time="22.624" classname="pk_Orange_HRM.Drag_and_Drop" />
</testsuite> <!-- pk_Orange_HRM.Drag_and_Drop -->
