<?xml version="1.0" encoding="UTF-8"?>
<!-- Generated by org.testng.reporters.JUnitReportReporter -->
<testsuite name="pk_Orange_HRM.Drag_and_Drop_TestAutomation_WebSite"
	tests="1" time="24.048" ignored="0" failures="0" timestamp="10 Nov 2020 11:47:14 GMT"
	skipped="0" hostname="HIBACL131408" errors="0">
	<testcase name="DragDrop" time="24.048"
		classname="pk_Orange_HRM.Drag_and_Drop_TestAutomation_WebSite" />
</testsuite> <!-- pk_Orange_HRM.Drag_and_Drop_TestAutomation_WebSite -->
