<?xml version="1.0" encoding="UTF-8"?>
<!-- Generated by org.testng.reporters.JUnitReportReporter -->
<testsuite name="pk_Orange_HRM.OrangeHRM_SearchByUserName_MouseOver"
	tests="1" time="17.271" ignored="0" failures="0" timestamp="05 Nov 2020 10:46:26 GMT"
	skipped="0" hostname="HIBACL131408" errors="0">
	<testcase name="Sign_On" time="17.271"
		classname="pk_Orange_HRM.OrangeHRM_SearchByUserName_MouseOver" />
</testsuite> <!-- pk_Orange_HRM.OrangeHRM_SearchByUserName_MouseOver -->
