<?xml version="1.0" encoding="UTF-8"?>
<!-- Generated by org.testng.reporters.JUnitReportReporter -->
<testsuite name="pk_Orange_HRM.Capture_ScreenShot_Example"
	tests="2" time="19.731" ignored="0" failures="0" timestamp="27 Nov 2020 12:10:20 GMT"
	skipped="0" hostname="HIBACL131408" errors="0">
	<testcase name="LaunchBrowser" time="10.913"
		classname="pk_Orange_HRM.Capture_ScreenShot_Example" />
	<testcase name="OrangeHRM_Login" time="8.818"
		classname="pk_Orange_HRM.Capture_ScreenShot_Example" />
</testsuite> <!-- pk_Orange_HRM.Capture_ScreenShot_Example -->
