<?xml version="1.0" encoding="UTF-8"?>
<!-- Generated by org.testng.reporters.JUnitReportReporter -->
<testsuite name="pk_Orange_HRM.ReadData_FromDoc_File" tests="1"
	time="0.498" ignored="0" failures="0" timestamp="25 Nov 2020 07:40:37 GMT"
	skipped="0" hostname="HIBACL131408" errors="0">
	<testcase name="main" time="0.498"
		classname="pk_Orange_HRM.ReadData_FromDoc_File" />
</testsuite> <!-- pk_Orange_HRM.ReadData_FromDoc_File -->
