<?xml version="1.0" encoding="UTF-8"?>
<!-- Generated by org.testng.reporters.JUnitReportReporter -->
<testsuite name="pk_Orange_HRM.Handling_WebTable_Pagination_Example"
	tests="1" time="37.992" ignored="0" failures="0" timestamp="16 Nov 2020 16:09:57 GMT"
	skipped="0" hostname="HIBACL131408" errors="0">
	<testcase name="Pagination_Example" time="37.992"
		classname="pk_Orange_HRM.Handling_WebTable_Pagination_Example" />
</testsuite> <!-- pk_Orange_HRM.Handling_WebTable_Pagination_Example -->
