<?xml version="1.0" encoding="UTF-8"?>
<!-- Generated by org.testng.reporters.JUnitReportReporter -->
<testsuite name="pk_Orange_HRM.OrangeHRM_Login_DataProvider" tests="3" time="38.611" ignored="0" failures="0" timestamp="17 Dec 2020 04:33:46 GMT" skipped="0" hostname="HIBACL131408" errors="0">
  <testcase name="LoginToOrangeHRM" time="18.653" classname="pk_Orange_HRM.OrangeHRM_Login_DataProvider"/>
  <testcase name="LoginToOrangeHRM" time="9.994" classname="pk_Orange_HRM.OrangeHRM_Login_DataProvider"/>
  <testcase name="LoginToOrangeHRM" time="9.964" classname="pk_Orange_HRM.OrangeHRM_Login_DataProvider"/>
</testsuite> <!-- pk_Orange_HRM.OrangeHRM_Login_DataProvider -->
