<?xml version="1.0" encoding="UTF-8"?>
<!-- Generated by org.testng.reporters.JUnitReportReporter -->
<testsuite name="pk_Orange_HRM.OrangeHRM_Login_TestNG" tests="1"
	time="12.730" ignored="0" failures="0" timestamp="30 Oct 2020 13:43:03 GMT"
	skipped="0" hostname="HIBACL131408" errors="0">
	<testcase name="Login" time="12.730"
		classname="pk_Orange_HRM.OrangeHRM_Login_TestNG" />
</testsuite> <!-- pk_Orange_HRM.OrangeHRM_Login_TestNG -->
