<?xml version="1.0" encoding="UTF-8"?>
<!-- Generated by org.testng.reporters.JUnitReportReporter -->
<testsuite name="pk_Advance_Topics.SauceLab_Integration_Example"
	tests="1" time="28.240" ignored="0" failures="0" timestamp="01 Dec 2020 11:54:25 GMT"
	skipped="0" hostname="HIBACL131408" errors="0">
	<testcase name="SauceLab_Example" time="28.240"
		classname="pk_Advance_Topics.SauceLab_Integration_Example" />
</testsuite> <!-- pk_Advance_Topics.SauceLab_Integration_Example -->
