<?xml version="1.0" encoding="UTF-8"?>
<!-- Generated by org.testng.reporters.JUnitReportReporter -->
<testsuite name="pk_Orange_HRM.Read_Data_From_WebTable" tests="1"
	time="32.867" ignored="0" failures="0" timestamp="04 Nov 2020 08:32:15 GMT"
	skipped="0" hostname="HIBACL131408" errors="0">
	<testcase name="WebTable" time="32.867"
		classname="pk_Orange_HRM.Read_Data_From_WebTable" />
</testsuite> <!-- pk_Orange_HRM.Read_Data_From_WebTable -->
