<?xml version="1.0" encoding="UTF-8"?>
<!-- Generated by org.testng.reporters.JUnitReportReporter -->
<testsuite name="pk_Advance_Topics.ReadDataFromDataBase_OrangeHRM_Login"
	tests="1" time="42.115" ignored="0" failures="0" timestamp="03 Dec 2020 15:13:08 GMT"
	skipped="0" hostname="HIBACL131408" errors="0">
	<testcase name="ConnectSQLDB" time="42.115"
		classname="pk_Advance_Topics.ReadDataFromDataBase_OrangeHRM_Login" />
</testsuite> <!-- pk_Advance_Topics.ReadDataFromDataBase_OrangeHRM_Login -->
