<?xml version="1.0" encoding="UTF-8"?>
<!-- Generated by org.testng.reporters.JUnitReportReporter -->
<testsuite name="pk_Orange_HRM.Sikuli_Integration_Example"
	tests="1" time="23.371" ignored="0" failures="0" timestamp="21 Oct 2020 11:54:58 GMT"
	skipped="0" hostname="HIBACL131408" errors="0">
	<testcase name="FileUpload_UsingSikuli" time="23.371"
		classname="pk_Orange_HRM.Sikuli_Integration_Example" />
</testsuite> <!-- pk_Orange_HRM.Sikuli_Integration_Example -->
