<?xml version="1.0" encoding="UTF-8"?>
<!-- Generated by org.testng.reporters.JUnitReportReporter -->
<testsuite name="pk_Advance_Topics.ConnectDB_Direct_PassData_OrangeHRM_Login"
	tests="1" time="49.373" ignored="0" failures="0" timestamp="01 Dec 2020 13:06:30 GMT"
	skipped="0" hostname="HIBACL131408" errors="0">
	<testcase name="ConnectSQLDB" time="49.373"
		classname="pk_Advance_Topics.ConnectDB_Direct_PassData_OrangeHRM_Login" />
</testsuite> <!-- pk_Advance_Topics.ConnectDB_Direct_PassData_OrangeHRM_Login -->
