<?xml version="1.0" encoding="UTF-8"?>
<!-- Generated by org.testng.reporters.JUnitReportReporter -->
<testsuite name="pk_Orange_HRM.OrangeHRM_Login_All_TestCases"
	tests="5" time="191.136" ignored="0" failures="0"
	timestamp="18 Nov 2020 10:46:42 GMT" skipped="0" hostname="HIBACL131408"
	errors="0">
	<testcase name="login_DataProvider" time="3.515"
		classname="pk_Orange_HRM.OrangeHRM_Login_All_TestCases" />
	<testcase name="login_DataProvider" time="3.363"
		classname="pk_Orange_HRM.OrangeHRM_Login_All_TestCases" />
	<testcase name="login_DataProvider" time="4.596"
		classname="pk_Orange_HRM.OrangeHRM_Login_All_TestCases" />
	<testcase name="login_DataProvider" time="164.740"
		classname="pk_Orange_HRM.OrangeHRM_Login_All_TestCases" />
	<testcase name="login_DataProvider" time="14.922"
		classname="pk_Orange_HRM.OrangeHRM_Login_All_TestCases" />
</testsuite> <!-- pk_Orange_HRM.OrangeHRM_Login_All_TestCases -->
