<?xml version="1.0" encoding="UTF-8"?>
<!-- Generated by org.testng.reporters.JUnitReportReporter -->
<testsuite name="pk_Orange_HRM.OrangeHRM_Login_All_Tcs_Scenario"
	tests="5" time="14.858" ignored="0" failures="0" timestamp="17 Dec 2020 04:49:19 GMT"
	skipped="0" hostname="HIBACL131408" errors="0">
	<testcase name="LoginAllCases" time="9.985"
		classname="pk_Orange_HRM.OrangeHRM_Login_All_Tcs_Scenario" />
	<testcase name="LoginAllCases" time="1.317"
		classname="pk_Orange_HRM.OrangeHRM_Login_All_Tcs_Scenario" />
	<testcase name="LoginAllCases" time="1.885"
		classname="pk_Orange_HRM.OrangeHRM_Login_All_Tcs_Scenario" />
	<testcase name="LoginAllCases" time="1.135"
		classname="pk_Orange_HRM.OrangeHRM_Login_All_Tcs_Scenario" />
	<testcase name="LoginAllCases" time="0.536"
		classname="pk_Orange_HRM.OrangeHRM_Login_All_Tcs_Scenario" />
</testsuite> <!-- pk_Orange_HRM.OrangeHRM_Login_All_Tcs_Scenario -->
