<?xml version="1.0" encoding="UTF-8"?>
<!-- Generated by org.testng.reporters.JUnitReportReporter -->
<testsuite name="pk_Orange_HRM.CaptureScreenShot_Of_Element"
	tests="1" time="11.485" ignored="0" failures="0" timestamp="23 Oct 2020 13:18:26 GMT"
	skipped="0" hostname="HIBACL131408" errors="0">
	<testcase name="ChromeBrowser" time="11.485"
		classname="pk_Orange_HRM.CaptureScreenShot_Of_Element" />
</testsuite> <!-- pk_Orange_HRM.CaptureScreenShot_Of_Element -->
