<?xml version="1.0" encoding="UTF-8"?>
<!-- Generated by org.testng.reporters.JUnitReportReporter -->
<testsuite name="pk_Orange_HRM.EnterText_PressEnter_Button_Example"
	tests="1" time="11.313" ignored="0" failures="0" timestamp="20 Nov 2020 12:09:20 GMT"
	skipped="0" hostname="HIBACL131408" errors="0">
	<testcase name="ChromeBrowser" time="11.313"
		classname="pk_Orange_HRM.EnterText_PressEnter_Button_Example" />
</testsuite> <!-- pk_Orange_HRM.EnterText_PressEnter_Button_Example -->
