<?xml version="1.0" encoding="UTF-8"?>
<!-- Generated by org.testng.reporters.JUnitReportReporter -->
<testsuite name="pk_Orange_HRM.OrangeHRM_Login_Parameters"
	tests="3" time="44.335" ignored="0" failures="0" timestamp="17 Dec 2020 05:50:43 GMT"
	skipped="0" hostname="HIBACL131408" errors="0">
	<testcase name="Login" time="15.605"
		classname="pk_Orange_HRM.OrangeHRM_Login_Parameters" />
	<testcase name="Login" time="14.374"
		classname="pk_Orange_HRM.OrangeHRM_Login_Parameters" />
	<testcase name="Login" time="14.356"
		classname="pk_Orange_HRM.OrangeHRM_Login_Parameters" />
</testsuite> <!-- pk_Orange_HRM.OrangeHRM_Login_Parameters -->
