<?xml version="1.0" encoding="UTF-8"?>
<!-- Generated by org.testng.reporters.JUnitReportReporter -->
<testsuite name="pk_Advance_Topics.EventListeners" tests="1" time="4.219" ignored="0" failures="0" timestamp="15 Dec 2020 15:38:43 GMT" skipped="0" hostname="HIBACL131408" errors="0">
  <testcase name="testEventsTWO" time="4.219" classname="pk_Advance_Topics.EventListeners"/>
</testsuite> <!-- pk_Advance_Topics.EventListeners -->
