<?xml version="1.0" encoding="UTF-8"?>
<!-- Generated by org.testng.reporters.JUnitReportReporter -->
<testsuite name="pk_Advance_Topics.Sikuli_Integration_Example"
	tests="1" time="30.271" ignored="0" failures="0" timestamp="09 Dec 2020 13:00:49 GMT"
	skipped="0" hostname="HIBACL131408" errors="0">
	<testcase name="FileUpload_UsingSikuli" time="30.271"
		classname="pk_Advance_Topics.Sikuli_Integration_Example" />
</testsuite> <!-- pk_Advance_Topics.Sikuli_Integration_Example -->
