<?xml version="1.0" encoding="UTF-8"?>
<!-- Generated by org.testng.reporters.JUnitReportReporter -->
<testsuite name="pk_Orange_HRM.OrangeHRM_Add_Unique_User_Verify_In_Table"
	tests="1" time="22.540" ignored="0" failures="0" timestamp="11 Nov 2020 11:19:47 GMT"
	skipped="0" hostname="HIBACL131408" errors="0">
	<testcase name="Sign_On" time="22.540"
		classname="pk_Orange_HRM.OrangeHRM_Add_Unique_User_Verify_In_Table" />
</testsuite> <!-- pk_Orange_HRM.OrangeHRM_Add_Unique_User_Verify_In_Table -->
