<?xml version="1.0" encoding="UTF-8"?>
<!-- Generated by org.testng.reporters.JUnitReportReporter -->
<testsuite name="pk_Orange_HRM.Open_WindowTab_Example" tests="1"
	time="37.861" ignored="0" failures="0" timestamp="17 Dec 2020 03:40:20 GMT"
	skipped="0" hostname="HIBACL131408" errors="0">
	<testcase name="ChromeBrowser" time="37.861"
		classname="pk_Orange_HRM.Open_WindowTab_Example" />
</testsuite> <!-- pk_Orange_HRM.Open_WindowTab_Example -->
