<?xml version="1.0" encoding="UTF-8"?>
<!-- Generated by org.testng.reporters.JUnitReportReporter -->
<testsuite name="pk.TestNG_Features.TestMethod_Dependent_On_AnotherMethod"
	tests="3" time="17.960" ignored="0" failures="0" timestamp="08 Nov 2020 13:24:12 GMT"
	skipped="0" hostname="HIBACL131408" errors="0">
	<testcase name="Sign_On" time="3.962"
		classname="pk.TestNG_Features.TestMethod_Dependent_On_AnotherMethod" />
	<testcase name="VerifyAddedUser" time="11.649"
		classname="pk.TestNG_Features.TestMethod_Dependent_On_AnotherMethod" />
	<testcase name="AddUsers_Page" time="2.349"
		classname="pk.TestNG_Features.TestMethod_Dependent_On_AnotherMethod" />
</testsuite> <!-- pk.TestNG_Features.TestMethod_Dependent_On_AnotherMethod -->
