<?xml version="1.0" encoding="UTF-8"?>
<!-- Generated by org.testng.reporters.JUnitReportReporter -->
<testsuite name="pk_Orange_HRM.Open_New_Window_Example" tests="1"
	time="22.431" ignored="0" failures="0" timestamp="14 Dec 2020 12:39:26 GMT"
	skipped="0" hostname="HIBACL131408" errors="0">
	<testcase name="ChromeBrowser" time="22.431"
		classname="pk_Orange_HRM.Open_New_Window_Example" />
</testsuite> <!-- pk_Orange_HRM.Open_New_Window_Example -->
