<?xml version="1.0" encoding="UTF-8"?>
<!-- Generated by org.testng.reporters.JUnitReportReporter -->
<testsuite name="pk_Orange_HRM.VerifyText_InPDF_File" tests="2"
	time="8.107" ignored="0" failures="0" timestamp="30 Oct 2020 08:23:34 GMT"
	skipped="0" hostname="HIBACL131408" errors="0">
	<testcase name="testVerifyPDFTextUsing_Get" time="7.270"
		classname="pk_Orange_HRM.VerifyText_InPDF_File" />
	<testcase name="testVerifyPDFTextInBrowser" time="0.837"
		classname="pk_Orange_HRM.VerifyText_InPDF_File" />
</testsuite> <!-- pk_Orange_HRM.VerifyText_InPDF_File -->
