<?xml version="1.0" encoding="UTF-8"?>
<!-- Generated by org.testng.reporters.JUnitReportReporter -->
<testsuite name="pk_Orange_HRM.Delete_User_BasedOnUserName_and_UserRole"
	tests="3" time="19.555" ignored="0" failures="0" timestamp="12 Nov 2020 08:44:59 GMT"
	skipped="0" hostname="HIBACL131408" errors="0">
	<testcase name="Sign_On" time="4.053"
		classname="pk_Orange_HRM.Delete_User_BasedOnUserName_and_UserRole" />
	<testcase name="VerifyAddedUser" time="13.177"
		classname="pk_Orange_HRM.Delete_User_BasedOnUserName_and_UserRole" />
	<testcase name="AddUsers_Page" time="2.325"
		classname="pk_Orange_HRM.Delete_User_BasedOnUserName_and_UserRole" />
</testsuite> <!-- pk_Orange_HRM.Delete_User_BasedOnUserName_and_UserRole -->
