<?xml version="1.0" encoding="UTF-8"?>
<!-- Generated by org.testng.reporters.JUnitReportReporter -->
<testsuite name="pk_Orange_HRM.GoogleAllLink_Navigate_and_Verify"
	tests="1" time="38.073" ignored="0" failures="0" timestamp="16 Dec 2020 15:41:14 GMT"
	skipped="0" hostname="HIBACL131408" errors="0">
	<testcase name="NavigateToAllLinks" time="38.073"
		classname="pk_Orange_HRM.GoogleAllLink_Navigate_and_Verify" />
</testsuite> <!-- pk_Orange_HRM.GoogleAllLink_Navigate_and_Verify -->
