<?xml version="1.0" encoding="UTF-8"?>
<!-- Generated by org.testng.reporters.JUnitReportReporter -->
<testsuite
	name="pk_Orange_HRM.OrangeHRM_Login_Parametrization_Using_DataProvider"
	tests="3" time="77.160" ignored="0" failures="0" timestamp="17 Nov 2020 12:36:12 GMT"
	skipped="0" hostname="HIBACL131408" errors="0">
	<testcase name="Login" time="23.507"
		classname="pk_Orange_HRM.OrangeHRM_Login_Parametrization_Using_DataProvider" />
	<testcase name="Login" time="22.495"
		classname="pk_Orange_HRM.OrangeHRM_Login_Parametrization_Using_DataProvider" />
	<testcase name="Login" time="31.158"
		classname="pk_Orange_HRM.OrangeHRM_Login_Parametrization_Using_DataProvider" />
</testsuite> <!-- pk_Orange_HRM.OrangeHRM_Login_Parametrization_Using_DataProvider -->
