<?xml version="1.0" encoding="UTF-8"?>
<!-- Generated by org.testng.reporters.JUnitReportReporter -->
<testsuite name="pk_Orange_HRM.ReadDataFrom_PdfFile" tests="1"
	time="1.339" ignored="0" failures="0" timestamp="28 Oct 2020 11:12:29 GMT"
	skipped="0" hostname="HIBACL131408" errors="0">
	<testcase name="ReadPDFFile" time="1.339"
		classname="pk_Orange_HRM.ReadDataFrom_PdfFile" />
</testsuite> <!-- pk_Orange_HRM.ReadDataFrom_PdfFile -->
