<?xml version="1.0" encoding="UTF-8"?>
<!-- Generated by org.testng.reporters.JUnitReportReporter -->
<testsuite name="pk_Orange_HRM.OrangeHRM_AssignLeave_With_Followin_Example"
	tests="1" time="10.458" ignored="0" failures="0" timestamp="04 Nov 2020 13:08:34 GMT"
	skipped="0" hostname="HIBACL131408" errors="0">
	<testcase name="Login" time="10.458"
		classname="pk_Orange_HRM.OrangeHRM_AssignLeave_With_Followin_Example" />
</testsuite> <!-- pk_Orange_HRM.OrangeHRM_AssignLeave_With_Followin_Example -->
