<?xml version="1.0" encoding="UTF-8"?>
<!-- Generated by org.testng.reporters.JUnitReportReporter -->
<testsuite name="pk_Orange_HRM.HeadlessBrowser_Firefox" tests="1"
	time="37.579" ignored="0" failures="0" timestamp="17 Dec 2020 06:52:27 GMT"
	skipped="0" hostname="HIBACL131408" errors="0">
	<testcase name="Chrome_Headless" time="37.579"
		classname="pk_Orange_HRM.HeadlessBrowser_Firefox" />
</testsuite> <!-- pk_Orange_HRM.HeadlessBrowser_Firefox -->
