<?xml version="1.0" encoding="UTF-8"?>
<!-- Generated by org.testng.reporters.JUnitReportReporter -->
<testsuite name="pk_Orange_HRM.All_Relative_Locator_Example"
	tests="3" time="3.442" ignored="0" failures="0" timestamp="14 Dec 2020 16:51:03 GMT"
	skipped="0" hostname="HIBACL131408" errors="0">
	<testcase name="test_login_using_relative_locators_3" time="3.222"
		classname="pk_Orange_HRM.All_Relative_Locator_Example" />
	<testcase name="test_login_using_relative_locators_1" time="0.144"
		classname="pk_Orange_HRM.All_Relative_Locator_Example" />
	<testcase name="test_login_using_relative_locators_2" time="0.076"
		classname="pk_Orange_HRM.All_Relative_Locator_Example" />
</testsuite> <!-- pk_Orange_HRM.All_Relative_Locator_Example -->
