<?xml version="1.0" encoding="UTF-8"?>
<!-- Generated by org.testng.reporters.JUnitReportReporter -->
<testsuite name="pk_Orange_HRM.Double_Click_Example" tests="1"
	time="13.768" ignored="0" failures="0" timestamp="09 Nov 2020 12:14:47 GMT"
	skipped="0" hostname="HIBACL131408" errors="0">
	<testcase name="DragDrop" time="13.768"
		classname="pk_Orange_HRM.Double_Click_Example" />
</testsuite> <!-- pk_Orange_HRM.Double_Click_Example -->
