<?xml version="1.0" encoding="UTF-8"?>
<!-- Generated by org.testng.reporters.JUnitReportReporter -->
<testsuite name="pk_Orange_HRM.ExplicitWait_Example" tests="1"
	time="54.603" ignored="0" failures="0" timestamp="24 Nov 2020 13:58:50 GMT"
	skipped="0" hostname="HIBACL131408" errors="0">
	<testcase name="Explicit_Wait" time="54.603"
		classname="pk_Orange_HRM.ExplicitWait_Example" />
</testsuite> <!-- pk_Orange_HRM.ExplicitWait_Example -->
