<?xml version="1.0" encoding="UTF-8"?>
<!-- Generated by org.testng.reporters.JUnitReportReporter -->
<testsuite name="pk_Advance_Topics.ConnectDB_Direct_Example"
	tests="1" time="1.659" ignored="0" failures="0" timestamp="01 Dec 2020 12:49:05 GMT"
	skipped="0" hostname="HIBACL131408" errors="0">
	<testcase name="ConnectSQLDB" time="1.659"
		classname="pk_Advance_Topics.ConnectDB_Direct_Example" />
</testsuite> <!-- pk_Advance_Topics.ConnectDB_Direct_Example -->
