<?xml version="1.0" encoding="UTF-8"?>
<!-- Generated by org.testng.reporters.JUnitReportReporter -->
<testsuite name="pk_Orange_HRM.HDFC_Netbanking" tests="1"
	time="1.269" ignored="0" failures="0" timestamp="24 Nov 2020 14:37:51 GMT"
	skipped="0" hostname="HIBACL131408" errors="0">
	<testcase name="EnterCustomerID" time="1.269"
		classname="pk_Orange_HRM.HDFC_Netbanking" />
</testsuite> <!-- pk_Orange_HRM.HDFC_Netbanking -->
