<?xml version="1.0" encoding="UTF-8"?>
<!-- Generated by org.testng.reporters.JUnitReportReporter -->
<testsuite name="pk_Orange_HRM.OrangeHRM_Add_User_Verify_Added_User"
	tests="1" time="30.739" ignored="0" failures="0" timestamp="06 Nov 2020 13:30:11 GMT"
	skipped="0" hostname="HIBACL131408" errors="0">
	<testcase name="Sign_On" time="30.739"
		classname="pk_Orange_HRM.OrangeHRM_Add_User_Verify_Added_User" />
</testsuite> <!-- pk_Orange_HRM.OrangeHRM_Add_User_Verify_Added_User -->
