<?xml version="1.0" encoding="UTF-8"?>
<!-- Generated by org.testng.reporters.JUnitReportReporter -->
<testsuite name="pk_Customize_Report_Example.Drag_and_Drop"
	tests="1" time="18.606" ignored="0" failures="0" timestamp="01 Dec 2020 06:11:10 GMT"
	skipped="0" hostname="HIBACL131408" errors="0">
	<testcase name="DragDrop" time="18.606"
		classname="pk_Customize_Report_Example.Drag_and_Drop" />
</testsuite> <!-- pk_Customize_Report_Example.Drag_and_Drop -->
