<?xml version="1.0" encoding="UTF-8"?>
<!-- Generated by org.testng.reporters.JUnitReportReporter -->
<testsuite name="pk_Orange_HRM.SauceLab_Integration_Example"
	tests="1" time="27.960" ignored="0" failures="0" timestamp="05 Nov 2020 09:33:38 GMT"
	skipped="0" hostname="HIBACL131408" errors="0">
	<testcase name="SauceLab_Example" time="27.960"
		classname="pk_Orange_HRM.SauceLab_Integration_Example" />
</testsuite> <!-- pk_Orange_HRM.SauceLab_Integration_Example -->
