<?xml version="1.0" encoding="UTF-8"?>
<!-- Generated by org.testng.reporters.JUnitReportReporter -->
<testsuite name="pk_Orange_HRM.Browser_Navigation_Commands"
	tests="1" time="1.465" ignored="0" failures="0" timestamp="03 Nov 2020 12:33:20 GMT"
	skipped="0" hostname="HIBACL131408" errors="0">
	<testcase name="ForgetPassword" time="1.465"
		classname="pk_Orange_HRM.Browser_Navigation_Commands" />
</testsuite> <!-- pk_Orange_HRM.Browser_Navigation_Commands -->
