<?xml version="1.0" encoding="UTF-8"?>
<!-- Generated by org.testng.reporters.JUnitReportReporter -->
<testsuite name="pk_Orange_HRM.SSL_Certificate_Example_All_Browser"
	tests="1" time="1.179" ignored="0" failures="0" timestamp="16 Dec 2020 16:09:10 GMT"
	skipped="0" hostname="HIBACL131408" errors="0">
	<testcase name="openApplication" time="1.179"
		classname="pk_Orange_HRM.SSL_Certificate_Example_All_Browser" />
</testsuite> <!-- pk_Orange_HRM.SSL_Certificate_Example_All_Browser -->
