<?xml version="1.0" encoding="UTF-8"?>
<!-- Generated by org.testng.reporters.JUnitReportReporter -->
<testsuite name="pk_Orange_HRM.HeadlessBrowser_Chrome" tests="1"
	time="20.819" ignored="0" failures="0" timestamp="17 Dec 2020 06:50:01 GMT"
	skipped="0" hostname="HIBACL131408" errors="0">
	<testcase name="Chrome_Headless" time="20.819"
		classname="pk_Orange_HRM.HeadlessBrowser_Chrome" />
</testsuite> <!-- pk_Orange_HRM.HeadlessBrowser_Chrome -->
