<?xml version="1.0" encoding="UTF-8"?>
<!-- Generated by org.testng.reporters.JUnitReportReporter -->
<testsuite name="pk_Orange_HRM.Mobile_Browser_View_Flight_Login"
	tests="1" time="10.265" ignored="0" failures="0" timestamp="05 Nov 2020 11:34:11 GMT"
	skipped="0" hostname="HIBACL131408" errors="0">
	<testcase name="SignOn" time="10.265"
		classname="pk_Orange_HRM.Mobile_Browser_View_Flight_Login" />
</testsuite> <!-- pk_Orange_HRM.Mobile_Browser_View_Flight_Login -->
