<?xml version="1.0" encoding="UTF-8"?>
<!-- Generated by org.testng.reporters.JUnitReportReporter -->
<testsuite name="pk_Orange_HRM.Scroll_Down_Visibility_Element_Example"
	tests="1" time="24.683" ignored="0" failures="0" timestamp="11 Nov 2020 13:33:08 GMT"
	skipped="0" hostname="HIBACL131408" errors="0">
	<testcase name="ByVisibleElement" time="24.683"
		classname="pk_Orange_HRM.Scroll_Down_Visibility_Element_Example" />
</testsuite> <!-- pk_Orange_HRM.Scroll_Down_Visibility_Element_Example -->
