<?xml version="1.0" encoding="UTF-8"?>
<!-- Generated by org.testng.reporters.JUnitReportReporter -->
<testsuite name="pk_Orange_HRM.ChromeBrowser_Test" tests="1"
	time="23.171" ignored="0" failures="0" timestamp="30 Oct 2020 12:47:35 GMT"
	skipped="0" hostname="HIBACL131408" errors="0">
	<testcase name="ChromeBrowser" time="23.171"
		classname="pk_Orange_HRM.ChromeBrowser_Test" />
</testsuite> <!-- pk_Orange_HRM.ChromeBrowser_Test -->
