<?xml version="1.0" encoding="UTF-8"?>
<!-- Generated by org.testng.reporters.JUnitReportReporter -->
<testsuite name="pk_Orange_HRM.SmokeTest" tests="1" time="0.031"
	ignored="0" failures="0" timestamp="17 Dec 2020 06:37:23 GMT" skipped="0"
	hostname="HIBACL131408" errors="0">
	<testcase name="SmokeTestExecution" time="0.031"
		classname="pk_Orange_HRM.SmokeTest" />
</testsuite> <!-- pk_Orange_HRM.SmokeTest -->
