<?xml version="1.0" encoding="UTF-8"?>
<!-- Generated by org.testng.reporters.JUnitReportReporter -->
<testsuite name="pk_Orange_HRM.Create_Search_Delete_Users"
	tests="1" time="17.566" ignored="0" failures="0" timestamp="11 Nov 2020 10:54:23 GMT"
	skipped="0" hostname="HIBACL131408" errors="0">
	<testcase name="Search" time="17.566"
		classname="pk_Orange_HRM.Create_Search_Delete_Users" />
</testsuite> <!-- pk_Orange_HRM.Create_Search_Delete_Users -->
