<?xml version="1.0" encoding="UTF-8"?>
<!-- Generated by org.testng.reporters.JUnitReportReporter -->
<testsuite name="pk_Orange_HRM.NavigateAllLinks" tests="1"
	time="77.036" ignored="0" failures="0" timestamp="17 Dec 2020 07:22:10 GMT"
	skipped="0" hostname="HIBACL131408" errors="0">
	<testcase name="navigateToAllLinks" time="77.036"
		classname="pk_Orange_HRM.NavigateAllLinks" />
</testsuite> <!-- pk_Orange_HRM.NavigateAllLinks -->
