<?xml version="1.0" encoding="UTF-8"?>
<!-- Generated by org.testng.reporters.JUnitReportReporter -->
<testsuite name="pk_Orange_HRM.Delete_AllUsers_WithSameName"
	tests="3" time="24.656" ignored="0" failures="0" timestamp="15 Dec 2020 07:24:59 GMT"
	skipped="0" hostname="HIBACL131408" errors="0">
	<testcase name="Employeelist" time="2.432"
		classname="pk_Orange_HRM.Delete_AllUsers_WithSameName" />
	<testcase name="Delete_Employees" time="6.088"
		classname="pk_Orange_HRM.Delete_AllUsers_WithSameName" />
	<testcase name="Add_Employee" time="16.136"
		classname="pk_Orange_HRM.Delete_AllUsers_WithSameName" />
</testsuite> <!-- pk_Orange_HRM.Delete_AllUsers_WithSameName -->
